<?xml version="1.0" encoding="UTF-8"?>
<!-- Generated by org.testng.reporters.JUnitXMLReporter -->
<testsuite hostname="DESKTOP-S5GH85J" ignored="0" name="Test" tests="16" failures="0" timestamp="31 Aug 2020 14:50:30 GMT" time="2260.863" errors="0">
  <testcase name="runFeature" time="185.497" classname="TestNgRunner"/>
  <testcase name="runFeature" time="195.282" classname="TestNgRunner"/>
  <testcase name="runFeature" time="199.698" classname="TestNgRunner"/>
  <testcase name="runFeature" time="199.242" classname="TestNgRunner"/>
  <testcase name="runFeature" time="128.894" classname="TestNgRunner"/>
  <testcase name="runFeature" time="219.926" classname="TestNgRunner"/>
  <testcase name="runFeature" time="25.811" classname="TestNgRunner"/>
  <testcase name="runFeature" time="165.472" classname="TestNgRunner"/>
  <testcase name="runFeature" time="160.913" classname="TestNgRunner"/>
  <testcase name="runFeature" time="86.903" classname="TestNgRunner"/>
  <testcase name="runFeature" time="94.922" classname="TestNgRunner"/>
  <testcase name="runFeature" time="58.266" classname="TestNgRunner"/>
  <testcase name="runFeature" time="117.096" classname="TestNgRunner"/>
  <testcase name="runFeature" time="148.618" classname="TestNgRunner"/>
  <testcase name="runFeature" time="78.47" classname="TestNgRunner"/>
  <testcase name="runFeature" time="194.86" classname="TestNgRunner"/>
</testsuite> <!-- Test -->
